----------------------------------------------------------------------------
                                                   Wed Jan 19 10:21:35 2022

 Hello Thomas Purcell,

                                                       
 Welcome to TALOS. 

 
============================================================================

	https://docs.mpcdf.mpg.de/doc/computing/clusters/index.html

- IMPORTANT: /talos/scratch is NOT backed up on this system. 
        You have to archive your data in those directory by yourself.

============================================================================
----------------------------------------------------------------------------
time input_parsing: 1.02479 s
time to generate feat sapce: 0.011744 s
Projection time: 0.00745392 s
Time to get best features on rank : 0.00330305 s
Complete final combination/selection from all ranks: 0.081192 s
Time for SIS: 0.0969269 s
Time for l0-norm: 0.0118461 s
Projection time: 0.00399303 s
Time to get best features on rank : 0.00359702 s
Complete final combination/selection from all ranks: 0.027755 s
Time for SIS: 0.0447149 s
Time for l0-norm: 0.124227 s
Projection time: 0.0029161 s
Time to get best features on rank : 0.00381398 s
Complete final combination/selection from all ranks: 0.0284359 s
Time for SIS: 0.060801 s
Time for l0-norm: 104.952 s
Train RMSE: 0.493594 J * m^-2; Test RMSE: 0.590169 J * m^-2
c0 + a0 * (ave:vdw_radius_uff * max:num_p_valence)

Train RMSE: 0.474485 J * m^-2; Test RMSE: 0.572982 J * m^-2
c0 + a0 * (min:evaporation_heat^3) + a1 * (ave:vdw_radius_uff * max:num_p_valence)

Train RMSE: 0.463904 J * m^-2; Test RMSE: 0.559403 J * m^-2
c0 + a0 * (min:boiling_point * ave:num_p_valence) + a1 * (var:electron_affinity + ave:electron_affinity) + a2 * (min:evaporation_heat / ave:icsd_volume)

JobID         MaxVMSize     MaxRSS MaxRSSNode 
------------ ---------- ---------- ---------- 
323377.batch    397028K      7117K   talos024 
