----------------------------------------------------------------------------
                                                   Wed Jan 19 10:39:44 2022

 Hello Thomas Purcell,

                                                       
 Welcome to TALOS. 

 
============================================================================

	https://docs.mpcdf.mpg.de/doc/computing/clusters/index.html

- IMPORTANT: /talos/scratch is NOT backed up on this system. 
        You have to archive your data in those directory by yourself.

============================================================================
----------------------------------------------------------------------------
time input_parsing: 0.999147 s
time to generate feat sapce: 0.00945091 s
Projection time: 0.0381961 s
Time to get best features on rank : 0.0059309 s
Complete final combination/selection from all ranks: 0.093339 s
Time for SIS: 0.143957 s
Time for l0-norm: 0.0119429 s
Projection time: 0.00407386 s
Time to get best features on rank : 0.00340509 s
Complete final combination/selection from all ranks: 0.034034 s
Time for SIS: 0.0530472 s
Time for l0-norm: 0.214064 s
Projection time: 0.00257611 s
Time to get best features on rank : 0.00358605 s
JobID         MaxVMSize     MaxRSS MaxRSSNode 
------------ ---------- ---------- ---------- 
323388.batch    201616K      3005K   talos023 
