----------------------------------------------------------------------------
                                                   Wed Jan 19 09:23:16 2022

 Hello Thomas Purcell,

                                                       
 Welcome to TALOS. 

 
============================================================================

	https://docs.mpcdf.mpg.de/doc/computing/clusters/index.html

- IMPORTANT: /talos/scratch is NOT backed up on this system. 
        You have to archive your data in those directory by yourself.

============================================================================
----------------------------------------------------------------------------
time input_parsing: 1.03396 s
time to generate feat sapce: 0.0114932 s
Projection time: 0.0257289 s
Time to get best features on rank : 0.00490785 s
Complete final combination/selection from all ranks: 0.102961 s
Time for SIS: 0.140346 s
Time for l0-norm: 0.031441 s
Projection time: 0.00493789 s
Time to get best features on rank : 0.00494504 s
Complete final combination/selection from all ranks: 0.0357518 s
Time for SIS: 0.0573909 s
Time for l0-norm: 0.215153 s
Projection time: 0.00271392 s
Time to get best features on rank : 0.00496793 s
Complete final combination/selection from all ranks: 0.036618 s
Time for SIS: 0.0776949 s
Time for l0-norm: 251.1 s
Train RMSE: 0.485283 J * m^-2; Test RMSE: 0.60946 J * m^-2
c0 + a0 * (ave:thermal_conductivity * min:evaporation_heat)

Train RMSE: 0.465594 J * m^-2; Test RMSE: 0.593701 J * m^-2
c0 + a0 * (ave:num_p_valence * min:evaporation_heat) + a1 * (min:evaporation_heat / max:icsd_volume)

Train RMSE: 0.456572 J * m^-2; Test RMSE: 0.575498 J * m^-2
c0 + a0 * (min:boiling_point * ave:num_p_valence) + a1 * (max:electron_affinity * ave:num_p_valence) + a2 * (min:evaporation_heat / max:icsd_volume)

JobID         MaxVMSize     MaxRSS MaxRSSNode 
------------ ---------- ---------- ---------- 
323349.batch    397028K      7070K   talos026 
