----------------------------------------------------------------------------
                                                   Wed Jan 19 10:21:35 2022

 Hello Thomas Purcell,

                                                       
 Welcome to TALOS. 

 
============================================================================

	https://docs.mpcdf.mpg.de/doc/computing/clusters/index.html

- IMPORTANT: /talos/scratch is NOT backed up on this system. 
        You have to archive your data in those directory by yourself.

============================================================================
----------------------------------------------------------------------------
time input_parsing: 1.00349 s
time to generate feat sapce: 0.0332098 s
Projection time: 0.00672889 s
Time to get best features on rank : 0.00341702 s
Complete final combination/selection from all ranks: 0.00624299 s
Time for SIS: 0.023416 s
Time for l0-norm: 0.0317342 s
Projection time: 0.0231059 s
Time to get best features on rank : 0.00433183 s
Complete final combination/selection from all ranks: 0.00626278 s
Time for SIS: 0.0459521 s
Time for l0-norm: 0.125694 s
Projection time: 0.0101399 s
Time to get best features on rank : 0.0055871 s
Complete final combination/selection from all ranks: 0.00626016 s
Time for SIS: 0.0491021 s
Time for l0-norm: 106.312 s
Train RMSE: 0.529095 J * m^-2; Test RMSE: 0.440175 J * m^-2
c0 + a0 * (ave:thermal_conductivity * min:evaporation_heat)

Train RMSE: 0.512108 J * m^-2; Test RMSE: 0.418901 J * m^-2
c0 + a0 * (ave:num_p_valence * min:evaporation_heat) + a1 * (ave:mendeleev_number * min:evaporation_heat)

Train RMSE: 0.50088 J * m^-2; Test RMSE: 0.41241 J * m^-2
c0 + a0 * (min:boiling_point * ave:num_p_valence) + a1 * (var:electron_affinity + ave:electron_affinity) + a2 * (min:evaporation_heat / ave:icsd_volume)

JobID         MaxVMSize     MaxRSS MaxRSSNode 
------------ ---------- ---------- ---------- 
323374.batch    397028K      6999K   talos021 
