----------------------------------------------------------------------------
                                                   Wed Jan 19 09:22:42 2022

 Hello Thomas Purcell,

                                                       
 Welcome to TALOS. 

 
============================================================================

	https://docs.mpcdf.mpg.de/doc/computing/clusters/index.html

- IMPORTANT: /talos/scratch is NOT backed up on this system. 
        You have to archive your data in those directory by yourself.

============================================================================
----------------------------------------------------------------------------
time input_parsing: 1.01544 s
time to generate feat sapce: 1.35429 s
Projection time: 0.219989 s
Time to get best features on rank : 0.00737119 s
Complete final combination/selection from all ranks: 0.0984061 s
Time for SIS: 0.387116 s
Time for l0-norm: 0.0118709 s
Projection time: 0.380749 s
Time to get best features on rank : 0.00893116 s
Complete final combination/selection from all ranks: 0.047694 s
Time for SIS: 0.502069 s
Time for l0-norm: 0.332613 s
Projection time: 0.368712 s
Time to get best features on rank : 0.00799894 s
Complete final combination/selection from all ranks: 0.053014 s
Time for SIS: 0.524347 s
Time for l0-norm: 492.563 s
Train RMSE: 0.515152 J * m^-2; Test RMSE: 0.471537 J * m^-2
c0 + a0 * ((perimeter_area_ratio^3) * (sum:thermal_conductivity * min:evaporation_heat))

Train RMSE: 0.48999 J * m^-2; Test RMSE: 0.456381 J * m^-2
c0 + a0 * (cbrt(max:electron_affinity) * (ave:vdw_radius_uff + min:vdw_radius_uff)) + a1 * ((perimeter_area_ratio^3) * (sum:thermal_conductivity * min:evaporation_heat))

Train RMSE: 0.473548 J * m^-2; Test RMSE: 0.654787 J * m^-2
c0 + a0 * ((min:heat_of_formation / max:thermal_conductivity) * (perimeter_area_ratio^3)) + a1 * (sqrt(min:boiling_point) * (ave:num_p_valence * max:num_p_valence)) + a2 * ((min:evaporation_heat / max:icsd_volume) * sqrt(max:thermal_conductivity))

JobID         MaxVMSize     MaxRSS MaxRSSNode 
------------ ---------- ---------- ---------- 
323342.batch    397028K      7037K   talos075 
