----------------------------------------------------------------------------
                                                   Wed Jan 19 10:10:02 2022

 Hello Thomas Purcell,

                                                       
 Welcome to TALOS. 

 
============================================================================

	https://docs.mpcdf.mpg.de/doc/computing/clusters/index.html

- IMPORTANT: /talos/scratch is NOT backed up on this system. 
        You have to archive your data in those directory by yourself.

============================================================================
----------------------------------------------------------------------------
time input_parsing: 1.02608 s
time to generate feat sapce: 0.66235 s
Projection time: 0.0948651 s
Time to get best features on rank : 0.00714612 s
Complete final combination/selection from all ranks: 0.0965772 s
Time for SIS: 0.229121 s
Time for l0-norm: 0.011905 s
Projection time: 0.177821 s
Time to get best features on rank : 0.0103328 s
Complete final combination/selection from all ranks: 0.0460629 s
Time for SIS: 0.271378 s
Time for l0-norm: 0.331856 s
Projection time: 0.16882 s
Time to get best features on rank : 0.010956 s
Complete final combination/selection from all ranks: 0.0470819 s
Time for SIS: 0.289674 s
Time for l0-norm: 490.597 s
Train RMSE: 0.516703 J * m^-2; Test RMSE: 0.477436 J * m^-2
c0 + a0 * ((ave:bulk_modulus * min:evaporation_heat) / (ave:vdw_radius_uff * ave:hhi_r))

Train RMSE: 0.492625 J * m^-2; Test RMSE: 0.451559 J * m^-2
c0 + a0 * (cbrt(max:electron_affinity) * (ave:vdw_radius_uff^2)) + a1 * ((min:evaporation_heat / max:heat_capacity_molar) * (ave:thermal_conductivity * min:evaporation_heat))

Train RMSE: 0.484308 J * m^-2; Test RMSE: 0.46365 J * m^-2
c0 + a0 * ((ave:vdw_radius_uff * max:electron_affinity) / (|max:electron_affinity|)) + a1 * ((min:heat_of_formation * max:num_p_valence) * (var:electron_affinity + ave:electron_affinity)) + a2 * ((min:evaporation_heat^3) * (max:thermal_conductivity + ave:thermal_conductivity))

JobID         MaxVMSize     MaxRSS MaxRSSNode 
------------ ---------- ---------- ---------- 
323357.batch    397028K      7071K   talos075 
