----------------------------------------------------------------------------
                                                   Wed Jan 19 10:21:42 2022

 Hello Thomas Purcell,

                                                       
 Welcome to TALOS. 

 
============================================================================

	https://docs.mpcdf.mpg.de/doc/computing/clusters/index.html

- IMPORTANT: /talos/scratch is NOT backed up on this system. 
        You have to archive your data in those directory by yourself.

============================================================================
----------------------------------------------------------------------------
time input_parsing: 0.0754621 s
time to generate feat sapce: 0.018117 s
Projection time: 0.00632715 s
Time to get best features on rank : 0.00389314 s
Complete final combination/selection from all ranks: 0.00899506 s
Time for SIS: 0.0312691 s
Time for l0-norm: 0.0126328 s
Projection time: 0.00533795 s
Time to get best features on rank : 0.00486588 s
Complete final combination/selection from all ranks: 0.00584221 s
Time for SIS: 0.0269651 s
Time for l0-norm: 0.477723 s
Projection time: 0.00494909 s
Time to get best features on rank : 0.00640893 s
Complete final combination/selection from all ranks: 0.00584006 s
Time for SIS: 0.0493031 s
Time for l0-norm: 470.956 s
Train RMSE: 0.512441 J * m^-2
c0 + a0 * (ave:thermal_conductivity * min:evaporation_heat)

Train RMSE: 0.494782 J * m^-2
c0 + a0 * (ave:num_p_valence * min:evaporation_heat) + a1 * (ave:mendeleev_number * min:evaporation_heat)

Train RMSE: 0.484426 J * m^-2
c0 + a0 * (min:boiling_point * ave:num_p_valence) + a1 * (var:electron_affinity + ave:electron_affinity) + a2 * (min:evaporation_heat / ave:icsd_volume)

JobID         MaxVMSize     MaxRSS MaxRSSNode 
------------ ---------- ---------- ---------- 
323379.batch    397028K      7129K   talos026 
