----------------------------------------------------------------------------
                                                   Wed Jan 19 10:40:35 2022

 Hello Thomas Purcell,

                                                       
 Welcome to TALOS. 

 
============================================================================

	https://docs.mpcdf.mpg.de/doc/computing/clusters/index.html

- IMPORTANT: /talos/scratch is NOT backed up on this system. 
        You have to archive your data in those directory by yourself.

============================================================================
----------------------------------------------------------------------------
time input_parsing: 0.083189 s
time to generate feat sapce: 0.764267 s
Projection time: 0.123007 s
Time to get best features on rank : 0.00871205 s
Complete final combination/selection from all ranks: 0.098763 s
Time for SIS: 0.261334 s
Time for l0-norm: 0.0130491 s
Projection time: 0.226451 s
Time to get best features on rank : 0.00974107 s
Complete final combination/selection from all ranks: 0.0496402 s
Time for SIS: 0.325519 s
Time for l0-norm: 0.419343 s
Projection time: 0.216909 s
Time to get best features on rank : 0.0123179 s
Complete final combination/selection from all ranks: 0.054513 s
Time for SIS: 0.357219 s
Time for l0-norm: 622.488 s
Train RMSE: 0.50604 J * m^-2
c0 + a0 * ((ave:mendeleev_number * min:evaporation_heat) / exp(ave:num_p_valence))

Train RMSE: 0.484088 J * m^-2
c0 + a0 * ((max:electron_affinity * ave:num_p_valence) * sqrt(min:boiling_point)) + a1 * ((min:evaporation_heat / ave:icsd_volume) * sqrt(max:thermal_conductivity))

Train RMSE: 0.476569 J * m^-2
c0 + a0 * ((|max:mendeleev_number - ave:mendeleev_number|) / (ave:icsd_volume^2)) + a1 * ((min:heat_of_formation * max:num_p_valence) * (var:electron_affinity + ave:electron_affinity)) + a2 * ((min:evaporation_heat^2) * (ave:thermal_conductivity / min:vdw_radius_uff))

JobID         MaxVMSize     MaxRSS MaxRSSNode 
------------ ---------- ---------- ---------- 
323397.batch    397028K      7109K   talos026 
