----------------------------------------------------------------------------
                                                   Wed Jan 19 09:22:41 2022

 Hello Thomas Purcell,

                                                       
 Welcome to TALOS. 

 
============================================================================

	https://docs.mpcdf.mpg.de/doc/computing/clusters/index.html

- IMPORTANT: /talos/scratch is NOT backed up on this system. 
        You have to archive your data in those directory by yourself.

============================================================================
----------------------------------------------------------------------------
time input_parsing: 1.00477 s
time to generate feat sapce: 1.35146 s
Projection time: 0.216555 s
Time to get best features on rank : 0.0089891 s
Complete final combination/selection from all ranks: 0.106016 s
Time for SIS: 0.389914 s
Time for l0-norm: 0.0285711 s
Projection time: 0.37861 s
Time to get best features on rank : 0.0120759 s
Complete final combination/selection from all ranks: 0.0477741 s
Time for SIS: 0.501919 s
Time for l0-norm: 0.331599 s
Projection time: 0.368829 s
Time to get best features on rank : 0.0103271 s
Complete final combination/selection from all ranks: 0.0532701 s
Time for SIS: 0.52399 s
Time for l0-norm: 492.241 s
Train RMSE: 0.475939 J * m^-2; Test RMSE: 0.612199 J * m^-2
c0 + a0 * ((ave:mendeleev_number * min:evaporation_heat) / exp(ave:num_p_valence))

Train RMSE: 0.454821 J * m^-2; Test RMSE: 0.582495 J * m^-2
c0 + a0 * (cbrt(max:electron_affinity) * (ave:vdw_radius_uff^2)) + a1 * ((min:evaporation_heat / max:icsd_volume) * sqrt(max:thermal_conductivity))

Train RMSE: 0.447698 J * m^-2; Test RMSE: 0.556529 J * m^-2
c0 + a0 * ((min:heat_of_formation * max:num_p_valence) * (var:electron_affinity + ave:electron_affinity)) + a1 * ((perimeter_area_ratio / max:icsd_volume) / (max:icsd_volume * min:num_valance)) + a2 * ((min:evaporation_heat^2) * (max:thermal_conductivity / min:vdw_radius_uff))

JobID         MaxVMSize     MaxRSS MaxRSSNode 
------------ ---------- ---------- ---------- 
323343.batch    397028K      7076K   talos083 
