----------------------------------------------------------------------------
                                                   Wed Jan 19 10:39:44 2022

 Hello Thomas Purcell,

                                                       
 Welcome to TALOS. 

 
============================================================================

	https://docs.mpcdf.mpg.de/doc/computing/clusters/index.html

- IMPORTANT: /talos/scratch is NOT backed up on this system. 
        You have to archive your data in those directory by yourself.

============================================================================
----------------------------------------------------------------------------
time input_parsing: 1.01874 s
time to generate feat sapce: 0.00920892 s
Projection time: 0.00672913 s
Time to get best features on rank : 0.00336981 s
Complete final combination/selection from all ranks: 0.0905101 s
Time for SIS: 0.107174 s
Time for l0-norm: 0.011975 s
Projection time: 0.00406909 s
Time to get best features on rank : 0.00334907 s
Complete final combination/selection from all ranks: 0.0344169 s
Time for SIS: 0.0537679 s
Time for l0-norm: 0.209312 s
Projection time: 0.00275111 s
Time to get best features on rank : 0.00335407 s
JobID         MaxVMSize     MaxRSS MaxRSSNode 
------------ ---------- ---------- ---------- 
323390.batch    201616K      3103K   talos025 
