----------------------------------------------------------------------------
                                                   Wed Jan 19 09:23:03 2022

 Hello Thomas Purcell,

                                                       
 Welcome to TALOS. 

 
============================================================================

	https://docs.mpcdf.mpg.de/doc/computing/clusters/index.html

- IMPORTANT: /talos/scratch is NOT backed up on this system. 
        You have to archive your data in those directory by yourself.

============================================================================
----------------------------------------------------------------------------
time input_parsing: 1.03714 s
time to generate feat sapce: 0.0114589 s
Projection time: 0.031944 s
Time to get best features on rank : 0.00487518 s
Complete final combination/selection from all ranks: 0.101758 s
Time for SIS: 0.144376 s
Time for l0-norm: 0.057266 s
Projection time: 0.00832701 s
Time to get best features on rank : 0.00534606 s
Complete final combination/selection from all ranks: 0.0369351 s
Time for SIS: 0.062794 s
Time for l0-norm: 0.208775 s
Projection time: 0.00270104 s
Time to get best features on rank : 0.00436497 s
Complete final combination/selection from all ranks: 0.0358071 s
Time for SIS: 0.0751698 s
Time for l0-norm: 243.556 s
Train RMSE: 0.528071 J * m^-2; Test RMSE: 0.444373 J * m^-2
c0 + a0 * (ave:thermal_conductivity * min:evaporation_heat)

Train RMSE: 0.510568 J * m^-2; Test RMSE: 0.426307 J * m^-2
c0 + a0 * (min:evaporation_heat * min:bulk_modulus) + a1 * (ave:vdw_radius_uff * max:num_p_valence)

Train RMSE: 0.497979 J * m^-2; Test RMSE: 0.415437 J * m^-2
c0 + a0 * (min:boiling_point * ave:num_p_valence) + a1 * (max:electron_affinity * ave:num_p_valence) + a2 * (min:evaporation_heat / max:icsd_volume)

JobID         MaxVMSize     MaxRSS MaxRSSNode 
------------ ---------- ---------- ---------- 
323351.batch    397028K      7084K   talos032 
