----------------------------------------------------------------------------
                                                   Wed Jan 19 10:21:44 2022

 Hello Thomas Purcell,

                                                       
 Welcome to TALOS. 

 
============================================================================

	https://docs.mpcdf.mpg.de/doc/computing/clusters/index.html

- IMPORTANT: /talos/scratch is NOT backed up on this system. 
        You have to archive your data in those directory by yourself.

============================================================================
----------------------------------------------------------------------------
time input_parsing: 1.049 s
time to generate feat sapce: 0.00994802 s
Projection time: 0.00755405 s
Time to get best features on rank : 0.00328493 s
Complete final combination/selection from all ranks: 0.083461 s
Time for SIS: 0.0994022 s
Time for l0-norm: 0.0116179 s
Projection time: 0.00723481 s
Time to get best features on rank : 0.00319695 s
Complete final combination/selection from all ranks: 0.027226 s
Time for SIS: 0.0479722 s
Time for l0-norm: 0.121633 s
Projection time: 0.00275993 s
Time to get best features on rank : 0.00276494 s
Complete final combination/selection from all ranks: 0.027777 s
Time for SIS: 0.0568321 s
Time for l0-norm: 102.653 s
Train RMSE: 0.528071 J * m^-2; Test RMSE: 0.444373 J * m^-2
c0 + a0 * (ave:thermal_conductivity * min:evaporation_heat)

Train RMSE: 0.510568 J * m^-2; Test RMSE: 0.426307 J * m^-2
c0 + a0 * (min:evaporation_heat * min:bulk_modulus) + a1 * (ave:vdw_radius_uff * max:num_p_valence)

Train RMSE: 0.500053 J * m^-2; Test RMSE: 0.417807 J * m^-2
c0 + a0 * (min:boiling_point * ave:num_p_valence) + a1 * (max:electron_affinity * ave:num_p_valence) + a2 * (min:evaporation_heat * min:bulk_modulus)

JobID         MaxVMSize     MaxRSS MaxRSSNode 
------------ ---------- ---------- ---------- 
323378.batch    397028K      7105K   talos025 
