----------------------------------------------------------------------------
                                                   Wed Jan 19 10:10:03 2022

 Hello Thomas Purcell,

                                                       
 Welcome to TALOS. 

 
============================================================================

	https://docs.mpcdf.mpg.de/doc/computing/clusters/index.html

- IMPORTANT: /talos/scratch is NOT backed up on this system. 
        You have to archive your data in those directory by yourself.

============================================================================
----------------------------------------------------------------------------
time input_parsing: 1.00268 s
time to generate feat sapce: 0.662018 s
Projection time: 0.0969999 s
Time to get best features on rank : 0.00679898 s
Complete final combination/selection from all ranks: 0.09883 s
Time for SIS: 0.232374 s
Time for l0-norm: 0.0118661 s
Projection time: 0.178844 s
Time to get best features on rank : 0.010535 s
Complete final combination/selection from all ranks: 0.046545 s
Time for SIS: 0.271332 s
Time for l0-norm: 0.334077 s
Projection time: 0.1681 s
Time to get best features on rank : 0.011903 s
Complete final combination/selection from all ranks: 0.047549 s
Time for SIS: 0.289688 s
Time for l0-norm: 494.018 s
Train RMSE: 0.487303 J * m^-2; Test RMSE: 0.574903 J * m^-2
c0 + a0 * ((ave:mendeleev_number * min:evaporation_heat) / exp(ave:num_p_valence))

Train RMSE: 0.462768 J * m^-2; Test RMSE: 0.567402 J * m^-2
c0 + a0 * ((max:electron_affinity * ave:num_p_valence) * sqrt(min:boiling_point)) + a1 * ((min:evaporation_heat / ave:icsd_volume) * (ave:heat_capacity_molar * min:melting_point))

Train RMSE: 0.456789 J * m^-2; Test RMSE: 0.564313 J * m^-2
c0 + a0 * ((|ave:num_p_valence - max:num_p_valence|) / (min:vdw_radius_uff * ave:icsd_volume)) + a1 * ((max:num_p_valence^2) / (max:mendeleev_number^6)) + a2 * ((min:evaporation_heat / ave:icsd_volume) * (ave:heat_capacity_molar * min:melting_point))

JobID         MaxVMSize     MaxRSS MaxRSSNode 
------------ ---------- ---------- ---------- 
323359.batch    397028K      7039K   talos021 
